#
# There is insufficient memory for the Java Runtime Environment to continue.
# Native memory allocation (malloc) failed to allocate 131088 bytes for Chunk::new
# Possible reasons:
#   The system is out of physical RAM or swap space
#   In 32 bit mode, the process size limit was hit
# Possible solutions:
#   Reduce memory load on the system
#   Increase physical memory or swap space
#   Check if swap backing store is full
#   Use 64 bit Java on a 64 bit OS
#   Decrease Java heap size (-Xmx/-Xms)
#   Decrease number of Java threads
#   Decrease Java thread stack sizes (-Xss)
#   Set larger code cache with -XX:ReservedCodeCacheSize=
# This output file may be truncated or incomplete.
#
#  Out of Memory Error (allocation.cpp:390), pid=2708, tid=4016
#
# JRE version: Java(TM) SE Runtime Environment (8.0_60-b27) (build 1.8.0_60-b27)
# Java VM: Java HotSpot(TM) 64-Bit Server VM (25.60-b23 mixed mode windows-amd64 compressed oops)
# Failed to write core dump. Minidumps are not enabled by default on client versions of Windows
#

---------------  T H R E A D  ---------------

Current thread (0x000000001758d000):  JavaThread "C2 CompilerThread0" daemon [_thread_in_native, id=4016, stack(0x0000000018bc0000,0x0000000018cc0000)]

Stack: [0x0000000018bc0000,0x0000000018cc0000]
[error occurred during error reporting (printing stack bounds), id 0xc0000005]

Native frames: (J=compiled Java code, j=interpreted, Vv=VM code, C=native code)


Current CompileTask:
C2:   1037  809       4       java.lang.Class::privateGetMethodRecursive (130 bytes)


---------------  P R O C E S S  ---------------

Java Threads: ( => current thread )
  0x000000001e1ca800 JavaThread "Thread-3" daemon [_thread_in_native, id=8636, stack(0x000000001e970000,0x000000001ea70000)]
  0x00000000192b7000 JavaThread "JavaFX-Launcher" [_thread_blocked, id=5828, stack(0x000000001ea70000,0x000000001eb70000)]
  0x0000000019298000 JavaThread "JavaFX Application Thread" [_thread_in_vm, id=4600, stack(0x0000000019ae0000,0x0000000019be0000)]
  0x0000000019284800 JavaThread "Thread-1" daemon [_thread_blocked, id=7992, stack(0x00000000199c0000,0x0000000019ac0000)]
  0x000000001925a800 JavaThread "QuantumRenderer-0" daemon [_thread_blocked, id=3524, stack(0x00000000194c0000,0x00000000195c0000)]
  0x00000000175ee800 JavaThread "Service Thread" daemon [_thread_blocked, id=6404, stack(0x00000000192c0000,0x00000000193c0000)]
  0x0000000017596800 JavaThread "C1 CompilerThread2" daemon [_thread_in_native, id=6480, stack(0x0000000018dc0000,0x0000000018ec0000)]
  0x0000000017593800 JavaThread "C2 CompilerThread1" daemon [_thread_in_native, id=8644, stack(0x0000000018cc0000,0x0000000018dc0000)]
=>0x000000001758d000 JavaThread "C2 CompilerThread0" daemon [_thread_in_native, id=4016, stack(0x0000000018bc0000,0x0000000018cc0000)]
  0x000000001758b800 JavaThread "Attach Listener" daemon [_thread_blocked, id=544, stack(0x0000000018ac0000,0x0000000018bc0000)]
  0x000000001758b000 JavaThread "Signal Dispatcher" daemon [_thread_blocked, id=9172, stack(0x00000000189c0000,0x0000000018ac0000)]
  0x0000000002a17800 JavaThread "Finalizer" daemon [_thread_blocked, id=5064, stack(0x00000000187e0000,0x00000000188e0000)]
  0x0000000002a0f800 JavaThread "Reference Handler" daemon [_thread_blocked, id=9368, stack(0x00000000186e0000,0x00000000187e0000)]
  0x0000000002920800 JavaThread "main" [_thread_blocked, id=8808, stack(0x0000000002770000,0x0000000002870000)]

Other Threads:
  0x0000000017557800 VMThread [stack: 0x00000000185e0000,0x00000000186e0000] [id=5380]
  0x0000000018eff000 WatcherThread [stack: 0x00000000193c0000,0x00000000194c0000] [id=9504]

VM state:not at safepoint (normal execution)

VM Mutex/Monitor currently owned by a thread: None

Heap:
 PSYoungGen      total 38400K, used 29960K [0x00000000d5c00000, 0x00000000d8680000, 0x0000000100000000)
  eden space 33280K, 90% used [0x00000000d5c00000,0x00000000d7942040,0x00000000d7c80000)
  from space 5120K, 0% used [0x00000000d8180000,0x00000000d8180000,0x00000000d8680000)
  to   space 5120K, 0% used [0x00000000d7c80000,0x00000000d7c80000,0x00000000d8180000)
 ParOldGen       total 87552K, used 0K [0x0000000081400000, 0x0000000086980000, 0x00000000d5c00000)
  object space 87552K, 0% used [0x0000000081400000,0x0000000081400000,0x0000000086980000)
 Metaspace       used 10551K, capacity 10898K, committed 11136K, reserved 1058816K
  class space    used 1440K, capacity 1547K, committed 1664K, reserved 1048576K

Card table byte_map: [0x0000000011de0000,0x00000000121e0000] byte_map_base: 0x00000000119d6000

Marking Bits: (ParMarkBitMap*) 0x000000007745a5b0
 Begin Bits: [0x0000000012890000, 0x0000000014840000)
 End Bits:   [0x0000000014840000, 0x00000000167f0000)

Polling page: 0x0000000000f70000

CodeCache: size=245760Kb used=3061Kb max_used=3061Kb free=242698Kb
 bounds [0x0000000002a20000, 0x0000000002d20000, 0x0000000011a20000]
 total_blobs=1291 nmethods=836 adapters=368
 compilation: enabled

Compilation events (10 events):
Event: 0.892 Thread 0x0000000017596800 nmethod 836 0x0000000002d1dc50 code [0x0000000002d1ddc0, 0x0000000002d1dfb0]
Event: 0.892 Thread 0x0000000017596800  838       3       sun.reflect.ClassFileAssembler::cpi (22 bytes)
Event: 0.892 Thread 0x0000000017596800 nmethod 838 0x0000000002d1d7d0 code [0x0000000002d1d940, 0x0000000002d1db88]
Event: 0.892 Thread 0x0000000017596800  839       3       sun.reflect.ByteVectorImpl::getLength (7 bytes)
Event: 0.892 Thread 0x0000000017596800 nmethod 839 0x0000000002d1efd0 code [0x0000000002d1f120, 0x0000000002d1f270]
Event: 0.892 Thread 0x0000000017596800  840       3       sun.reflect.ByteVectorImpl::get (26 bytes)
Event: 0.893 Thread 0x0000000017596800 nmethod 840 0x0000000002d1f2d0 code [0x0000000002d1f440, 0x0000000002d1f648]
Event: 0.895 Thread 0x0000000017596800  841       3       javafx.fxml.FXMLLoader$Element::isTyped (16 bytes)
Event: 0.895 Thread 0x0000000017596800 nmethod 841 0x0000000002d1f790 code [0x0000000002d1f900, 0x0000000002d1fbd0]
Event: 0.895 Thread 0x0000000017596800  842   !   3       com.sun.javafx.fxml.BeanAdapter::getStaticGetterMethod (248 bytes)

GC Heap History (0 events):
No events

Deoptimization events (6 events):
Event: 0.627 Thread 0x0000000019298000 Uncommon trap: reason=unstable_if action=reinterpret pc=0x0000000002bc09c4 method=java.lang.String.replace(CC)Ljava/lang/String; @ 26
Event: 0.706 Thread 0x0000000019298000 Uncommon trap: reason=unstable_if action=reinterpret pc=0x0000000002bd7b4c method=java.lang.String.startsWith(Ljava/lang/String;I)Z @ 25
Event: 0.707 Thread 0x0000000019298000 Uncommon trap: reason=unstable_if action=reinterpret pc=0x0000000002bf6968 method=java.lang.String.indexOf([CII[CIII)I @ 134
Event: 0.748 Thread 0x0000000019298000 Uncommon trap: reason=unstable_if action=reinterpret pc=0x0000000002c9282c method=java.io.BufferedInputStream.read()I @ 8
Event: 0.760 Thread 0x0000000019298000 Uncommon trap: reason=unstable_if action=reinterpret pc=0x0000000002c69e18 method=java.util.HashMap.getNode(ILjava/lang/Object;)Ljava/util/HashMap$Node; @ 84
Event: 0.760 Thread 0x0000000019298000 Uncommon trap: reason=unstable_if action=reinterpret pc=0x0000000002c6c390 method=java.util.HashMap.getNode(ILjava/lang/Object;)Ljava/util/HashMap$Node; @ 84

Internal exceptions (10 events):
Event: 0.151 Thread 0x0000000002920800 Exception <a 'java/security/PrivilegedActionException'> (0x00000000d5f52950) thrown at [C:\re\workspace\8-2-build-windows-amd64-cygwin\jdk8u60\4407\hotspot\src\share\vm\prims\jvm.cpp, line 1386]
Event: 0.152 Thread 0x0000000002920800 Exception <a 'java/security/PrivilegedActionException'> (0x00000000d5f564f8) thrown at [C:\re\workspace\8-2-build-windows-amd64-cygwin\jdk8u60\4407\hotspot\src\share\vm\prims\jvm.cpp, line 1386]
Event: 0.152 Thread 0x0000000002920800 Exception <a 'java/security/PrivilegedActionException'> (0x00000000d5f56708) thrown at [C:\re\workspace\8-2-build-windows-amd64-cygwin\jdk8u60\4407\hotspot\src\share\vm\prims\jvm.cpp, line 1386]
Event: 0.152 Thread 0x0000000002920800 Exception <a 'java/lang/NullPointerException'> (0x00000000d5f56ce0) thrown at [C:\re\workspace\8-2-build-windows-amd64-cygwin\jdk8u60\4407\hotspot\src\share\vm\interpreter\linkResolver.cpp, line 1178]
Event: 0.681 Thread 0x0000000019298000 Exception <a 'java/lang/NullPointerException'> (0x00000000d6978e80) thrown at [C:\re\workspace\8-2-build-windows-amd64-cygwin\jdk8u60\4407\hotspot\src\share\vm\interpreter\linkResolver.cpp, line 1178]
Event: 0.681 Thread 0x0000000019298000 Exception <a 'java/lang/NullPointerException'> (0x00000000d6978e80) thrown at [C:\re\workspace\8-2-build-windows-amd64-cygwin\jdk8u60\4407\hotspot\src\share\vm\prims\jvm.cpp, line 1390]
Event: 0.795 Thread 0x0000000019298000 Exception <a 'java/lang/ArrayIndexOutOfBoundsException'> (0x00000000d6fea988) thrown at [C:\re\workspace\8-2-build-windows-amd64-cygwin\jdk8u60\4407\hotspot\src\share\vm\runtime\sharedRuntime.cpp, line 605]
Event: 0.796 Thread 0x0000000019298000 Exception <a 'java/lang/ArrayIndexOutOfBoundsException'> (0x00000000d6feb688) thrown at [C:\re\workspace\8-2-build-windows-amd64-cygwin\jdk8u60\4407\hotspot\src\share\vm\runtime\sharedRuntime.cpp, line 605]
Event: 0.796 Thread 0x0000000019298000 Exception <a 'java/lang/ArrayIndexOutOfBoundsException'> (0x00000000d6feca30) thrown at [C:\re\workspace\8-2-build-windows-amd64-cygwin\jdk8u60\4407\hotspot\src\share\vm\runtime\sharedRuntime.cpp, line 605]
Event: 0.816 Thread 0x0000000019298000 Exception <a 'java/io/FileNotFoundException'> (0x00000000d717bcb8) thrown at [C:\re\workspace\8-2-build-windows-amd64-cygwin\jdk8u60\4407\hotspot\src\share\vm\prims\jni.cpp, line 709]

Events (10 events):
Event: 0.903 loading class java/util/TextArea
Event: 0.903 loading class java/util/TextArea done
Event: 0.903 loading class javafx/collections/TextArea
Event: 0.903 loading class javafx/collections/TextArea done
Event: 0.903 loading class javafx/geometry/TextArea
Event: 0.903 loading class javafx/geometry/TextArea done
Event: 0.904 loading class javafx/scene/TextArea
Event: 0.904 loading class javafx/scene/TextArea done
Event: 0.904 loading class javafx/scene/control/TextArea$1
Event: 0.904 loading class javafx/scene/control/TextArea$1 done


Dynamic libraries:
0x00007ff713f30000 - 0x00007ff713f67000 	C:\Program Files\Java\jre1.8.0_60\bin\javaw.exe
0x00007fff5ebb0000 - 0x00007fff5ed71000 	C:\WINDOWS\SYSTEM32\ntdll.dll
0x00007fff5eb00000 - 0x00007fff5ebad000 	C:\WINDOWS\system32\KERNEL32.DLL
0x00007fff5bfe0000 - 0x00007fff5c1bd000 	C:\WINDOWS\system32\KERNELBASE.dll
0x00007fff5c580000 - 0x00007fff5c626000 	C:\WINDOWS\system32\ADVAPI32.dll
0x00007fff5e5e0000 - 0x00007fff5e67d000 	C:\WINDOWS\system32\msvcrt.dll
0x00007fff5c9a0000 - 0x00007fff5c9fb000 	C:\WINDOWS\system32\sechost.dll
0x00007fff5c280000 - 0x00007fff5c3a6000 	C:\WINDOWS\system32\RPCRT4.dll
0x00007fff5e830000 - 0x00007fff5e97e000 	C:\WINDOWS\system32\USER32.dll
0x00007fff5ca00000 - 0x00007fff5cb86000 	C:\WINDOWS\system32\GDI32.dll
0x00007fff559c0000 - 0x00007fff55c34000 	C:\WINDOWS\WinSxS\amd64_microsoft.windows.common-controls_6595b64144ccf1df_6.0.10240.16384_none_f41f7b285750ef43\COMCTL32.dll
0x00007fff5e590000 - 0x00007fff5e5c6000 	C:\WINDOWS\system32\IMM32.DLL
0x00007fff5e3d0000 - 0x00007fff5e52c000 	C:\WINDOWS\system32\MSCTF.dll
0x0000000074ca0000 - 0x0000000074d72000 	C:\Program Files\Java\jre1.8.0_60\bin\msvcr100.dll
0x0000000076c50000 - 0x00000000774d9000 	C:\Program Files\Java\jre1.8.0_60\bin\server\jvm.dll
0x00007fff5eaf0000 - 0x00007fff5eaf8000 	C:\WINDOWS\system32\PSAPI.DLL
0x00007fff51040000 - 0x00007fff51049000 	C:\WINDOWS\SYSTEM32\WSOCK32.dll
0x00007fff59960000 - 0x00007fff59983000 	C:\WINDOWS\SYSTEM32\WINMM.dll
0x00007fff5e0c0000 - 0x00007fff5e129000 	C:\WINDOWS\system32\WS2_32.dll
0x00007fff56d50000 - 0x00007fff56d5a000 	C:\WINDOWS\SYSTEM32\VERSION.dll
0x00007fff59900000 - 0x00007fff5992c000 	C:\WINDOWS\SYSTEM32\WINMMBASE.dll
0x00007fff5b680000 - 0x00007fff5b6c4000 	C:\WINDOWS\system32\cfgmgr32.dll
0x00007fff598d0000 - 0x00007fff598f7000 	C:\WINDOWS\SYSTEM32\DEVOBJ.dll
0x00007fff5e5d0000 - 0x00007fff5e5d8000 	C:\WINDOWS\system32\NSI.dll
0x0000000051220000 - 0x000000005122f000 	C:\Program Files\Java\jre1.8.0_60\bin\verify.dll
0x00000000511f0000 - 0x0000000051219000 	C:\Program Files\Java\jre1.8.0_60\bin\java.dll
0x00000000511d0000 - 0x00000000511e6000 	C:\Program Files\Java\jre1.8.0_60\bin\zip.dll
0x00007fff5cb90000 - 0x00007fff5e0b2000 	C:\WINDOWS\system32\SHELL32.dll
0x00007fff5b730000 - 0x00007fff5bd59000 	C:\WINDOWS\system32\windows.storage.dll
0x00007fff5e130000 - 0x00007fff5e3ac000 	C:\WINDOWS\system32\combase.dll
0x00007fff5e7d0000 - 0x00007fff5e821000 	C:\WINDOWS\system32\shlwapi.dll
0x00007fff5b670000 - 0x00007fff5b67f000 	C:\WINDOWS\system32\kernel.appcore.dll
0x00007fff5c1c0000 - 0x00007fff5c273000 	C:\WINDOWS\system32\shcore.dll
0x00007fff5b620000 - 0x00007fff5b66a000 	C:\WINDOWS\system32\powrprof.dll
0x00007fff5b5e0000 - 0x00007fff5b5f3000 	C:\WINDOWS\system32\profapi.dll
0x00007fff4dde0000 - 0x00007fff4decf000 	C:\Program Files\Java\jre1.8.0_60\bin\msvcr120.dll
0x00007fff4dd30000 - 0x00007fff4ddd6000 	C:\Program Files\Java\jre1.8.0_60\bin\msvcp120.dll
0x0000000050040000 - 0x0000000050063000 	C:\Program Files\Java\jre1.8.0_60\bin\prism_d3d.dll
0x00007fff37cc0000 - 0x00007fff37ed0000 	C:\WINDOWS\system32\d3d9.dll
0x00007fff597f0000 - 0x00007fff59812000 	C:\WINDOWS\SYSTEM32\dwmapi.dll
0x00007fff59fd0000 - 0x00007fff5a066000 	C:\WINDOWS\system32\uxtheme.dll
0x00007fff27ab0000 - 0x00007fff29d93000 	C:\WINDOWS\SYSTEM32\igdumdim64.dll
0x00007fff5c3b0000 - 0x00007fff5c575000 	C:\WINDOWS\system32\SETUPAPI.dll
0x00007fff5e980000 - 0x00007fff5ea3e000 	C:\WINDOWS\system32\OLEAUT32.dll
0x00007fff5c630000 - 0x00007fff5c771000 	C:\WINDOWS\system32\ole32.dll
0x0000000074c50000 - 0x0000000074c93000 	C:\Program Files\Java\jre1.8.0_60\bin\glass.dll
0x00007fff5e6f0000 - 0x00007fff5e7c7000 	C:\WINDOWS\system32\COMDLG32.dll
0x00007fff5b3a0000 - 0x00007fff5b40b000 	C:\WINDOWS\SYSTEM32\bcryptPrimitives.dll
0x00007fff57d70000 - 0x00007fff58772000 	C:\WINDOWS\SYSTEM32\igdusc64.dll
0x0000000051170000 - 0x0000000051184000 	C:\Program Files\Java\jre1.8.0_60\bin\javafx_font.dll
0x00007fff4fbf0000 - 0x00007fff4fe49000 	C:\WINDOWS\SYSTEM32\dwrite.dll

VM Arguments:
jvm_args: -Dfile.encoding=Cp1252 
java_command: com.iiitd.ap.project_1.Main
java_class_path (initial): C:\Users\Varun\Google Drive\AP project\Admission Portal\bin
Launcher Type: SUN_STANDARD

Environment Variables:
PATH=C:/Program Files/Java/jre1.8.0_60/bin/server;C:/Program Files/Java/jre1.8.0_60/bin;C:/Program Files/Java/jre1.8.0_60/lib/amd64;C:\ProgramData\Oracle\Java\javapath;C:\Program Files (x86)\Intel\iCLS Client\;C:\Program Files\Intel\iCLS Client\;C:\Program Files (x86)\NVIDIA Corporation\PhysX\Common;C:\WINDOWS\system32;C:\WINDOWS;C:\WINDOWS\System32\Wbem;C:\WINDOWS\System32\WindowsPowerShell\v1.0\;C:\Program Files\Intel\Intel(R) Management Engine Components\DAL;C:\Program Files\Intel\Intel(R) Management Engine Components\IPT;C:\Program Files (x86)\Intel\Intel(R) Management Engine Components\DAL;C:\Program Files (x86)\Intel\Intel(R) Management Engine Components\IPT;C:\Program Files (x86)\Paragon Software\Paragon ExtFS for Windows;C:\Program Files\Java\jdk1.8.0_60\bin;;C:\Tijori\softwares\eclipse-java-mars-R-win32-x86_64\eclipse;
USERNAME=Varun
OS=Windows_NT
PROCESSOR_IDENTIFIER=Intel64 Family 6 Model 60 Stepping 3, GenuineIntel



---------------  S Y S T E M  ---------------

OS: Windows 10.0 , 64 bit Build 10240 (10.0.10240.16384)

CPU:total 4 (2 cores per cpu, 2 threads per core) family 6 model 60 stepping 3, cmov, cx8, fxsr, mmx, sse, sse2, sse3, ssse3, sse4.1, sse4.2, popcnt, avx, avx2, aes, clmul, erms, lzcnt, ht, tsc, tscinvbit, bmi1, bmi2

Memory: 4k page, physical 8298776k(2250436k free), swap 11277592k(3020k free)

vm_info: Java HotSpot(TM) 64-Bit Server VM (25.60-b23) for windows-amd64 JRE (1.8.0_60-b27), built on Aug  4 2015 11:06:27 by "java_re" with MS VC++ 10.0 (VS2010)

time: Sun Sep 13 20:35:14 2015
elapsed time: 1 seconds (0d 0h 0m 1s)

