JvmtiExport can_access_local_variables 0
JvmtiExport can_hotswap_or_post_breakpoint 0
JvmtiExport can_post_on_exceptions 0
# 205 ciObject found
ciMethod java/lang/Object <init> ()V 4097 1 70037 0 0
ciMethod java/lang/Object clone ()Ljava/lang/Object; 2049 1 256 0 -1
ciMethod java/lang/String intern ()Ljava/lang/String; 2049 1 256 0 -1
ciMethod java/lang/Class isAssignableFrom (Ljava/lang/Class;)Z 3081 1 384 0 -1
ciMethod java/lang/Class isInterface ()Z 5137 1 642 0 -1
ciMethod java/lang/Class getSuperclass ()Ljava/lang/Class; 2049 1 256 0 -1
ciMethod java/lang/Class getInterfaces ()[Ljava/lang/Class; 3473 1 5707 0 640
ciMethod java/lang/Class getInterfaces0 ()[Ljava/lang/Class; 217 1 19 0 -1
ciMethod java/lang/Class reflectionData ()Ljava/lang/Class$ReflectionData; 2353 1 5965 0 320
ciMethod java/lang/Class newReflectionData (Ljava/lang/ref/SoftReference;I)Ljava/lang/Class$ReflectionData; 721 1 120 0 0
ciMethod java/lang/Class privateGetDeclaredMethods (Z)[Ljava/lang/reflect/Method; 2297 1 6145 0 0
ciMethod java/lang/Class searchMethods ([Ljava/lang/reflect/Method;Ljava/lang/String;[Ljava/lang/Class;)Ljava/lang/reflect/Method; 1113 42105 2792 0 1440
ciMethod java/lang/Class getMethod0 (Ljava/lang/String;[Ljava/lang/Class;Z)Ljava/lang/reflect/Method; 3953 1 6106 0 0
ciMethod java/lang/Class privateGetMethodRecursive (Ljava/lang/String;[Ljava/lang/Class;ZLjava/lang/Class$MethodArray;)Ljava/lang/reflect/Method; 3729 873 6042 0 0
ciMethod java/lang/Class arrayContentsEq ([Ljava/lang/Object;[Ljava/lang/Object;)Z 1313 841 475 0 0
ciMethod java/lang/Class getDeclaredMethods0 (Z)[Ljava/lang/reflect/Method; 553 1 58 0 -1
ciMethod java/lang/Class getReflectionFactory ()Lsun/reflect/ReflectionFactory; 1937 1 314 0 0
ciMethod java/lang/Class checkInitted ()V 2065 1 6416 0 0
ciMethod java/lang/ref/Reference get ()Ljava/lang/Object; 1057 1 132 0 -1
ciMethod java/lang/ref/SoftReference <init> (Ljava/lang/Object;)V 2049 1 373 0 -1
ciMethod java/lang/ref/SoftReference get ()Ljava/lang/Object; 2049 1 6923 0 0
ciMethod java/util/Map get (Ljava/lang/Object;)Ljava/lang/Object; 0 0 1 0 -1
ciMethod java/lang/reflect/AccessibleObject <init> ()V 2961 1 1745 0 0
ciMethod java/lang/reflect/Method <init> (Ljava/lang/Class;Ljava/lang/String;[Ljava/lang/Class;Ljava/lang/Class;[Ljava/lang/Class;IILjava/lang/String;[B[B[B)V 4097 1 1466 0 0
ciMethod java/lang/reflect/Method copy ()Ljava/lang/reflect/Method; 2241 1 1466 0 0
ciMethod java/lang/reflect/Method getName ()Ljava/lang/String; 3001 1 375 0 0
ciMethod java/lang/reflect/Method getModifiers ()I 2217 1 277 0 0
ciMethod java/lang/reflect/Method getReturnType ()Ljava/lang/Class; 1025 1 128 0 0
ciMethod java/lang/reflect/Method getParameterTypes ()[Ljava/lang/Class; 2049 1 832 0 0
ciMethod java/lang/reflect/Method isDefault ()Z 417 1 52 0 -1
ciMethod java/lang/reflect/Executable <init> ()V 3337 1 1658 0 0
ciMethod java/security/AccessController doPrivileged (Ljava/security/PrivilegedAction;)Ljava/lang/Object; 2049 1 256 1 -1
ciMethod sun/reflect/ReflectionFactory$GetReflectionFactoryAction <init> ()V 25 1 3 0 0
ciMethod sun/reflect/ReflectionFactory copyMethod (Ljava/lang/reflect/Method;)Ljava/lang/reflect/Method; 2241 1 1422 0 0
ciMethod sun/reflect/ReflectionFactory langReflectAccess ()Lsun/reflect/LangReflectAccess; 2961 1 1701 0 0
ciMethod sun/reflect/Reflection filterMethods (Ljava/lang/Class;[Ljava/lang/reflect/Method;)[Ljava/lang/reflect/Method; 377 1 58 0 0
ciMethod sun/reflect/Reflection filter ([Ljava/lang/reflect/Member;[Ljava/lang/String;)[Ljava/lang/reflect/Member; 521 1 78 0 -1
ciMethod java/lang/Class$3 <init> ()V 33 1 4 0 -1
ciMethod java/lang/Class$ReflectionData <init> (I)V 1089 1 120 0 -1
ciMethod java/lang/Class$Atomic casReflectionData (Ljava/lang/Class;Ljava/lang/ref/SoftReference;Ljava/lang/ref/SoftReference;)Z 1089 1 120 0 -1
ciMethod java/lang/reflect/Modifier isPublic (I)Z 393 1 2291 0 -1
ciMethod java/lang/reflect/Modifier isStatic (I)Z 2121 1 1984 0 0
ciMethod sun/reflect/LangReflectAccess copyMethod (Ljava/lang/reflect/Method;)Ljava/lang/reflect/Method; 0 0 1 0 -1
ciMethod java/lang/reflect/ReflectAccess copyMethod (Ljava/lang/reflect/Method;)Ljava/lang/reflect/Method; 2241 1 1466 0 0
ciMethod java/util/Arrays copyOf ([Ljava/lang/Object;I)[Ljava/lang/Object; 1001 1 3943 0 -1
ciMethodData java/lang/Object <init> ()V 2 70037 orig 264 216 160 34 119 0 0 0 0 104 4 252 22 0 0 0 0 32 1 0 0 0 0 0 0 0 0 0 0 0 0 0 0 0 0 0 0 0 0 0 0 0 0 0 0 0 0 0 0 0 0 0 0 0 0 0 0 0 0 0 0 0 0 0 0 0 0 0 0 0 0 0 0 0 0 0 0 0 0 0 0 77 68 79 32 101 120 116 114 97 32 100 97 116 97 32 108 111 99 107 0 0 0 0 0 0 0 0 0 0 0 0 0 0 0 0 0 0 0 0 0 0 0 0 0 0 0 0 0 0 0 0 0 0 0 0 0 0 0 0 0 0 0 0 0 0 0 0 0 0 0 0 0 0 0 0 0 0 0 0 0 0 0 0 0 0 0 0 0 0 0 0 0 0 0 0 0 0 0 0 0 0 0 0 0 0 0 0 0 0 0 0 0 0 0 0 0 0 0 0 0 0 0 0 0 0 0 0 0 0 0 0 0 0 0 0 0 0 2 0 0 169 124 8 0 1 0 0 0 0 0 0 0 0 0 0 0 2 0 0 0 0 0 3 0 1 0 0 0 0 0 0 0 255 255 255 255 0 0 0 0 0 0 0 0 data 0 oops 0
ciMethod java/lang/Class$MethodArray <init> (I)V 4097 1 6201 0 0
ciMethod java/lang/Class$MethodArray hasDefaults ()Z 4097 1 6091 0 0
ciMethod java/lang/Class$MethodArray add (Ljava/lang/reflect/Method;)V 417 1 52 0 -1
ciMethod java/lang/Class$MethodArray get (I)Ljava/lang/reflect/Method; 217 1 27 0 -1
ciMethod java/lang/Class$MethodArray getFirst ()Ljava/lang/reflect/Method; 4097 8097 6085 0 0
ciMethod java/lang/Class$MethodArray remove (I)V 0 0 1 0 -1
ciMethod java/lang/Class$MethodArray matchesNameAndDescriptor (Ljava/lang/reflect/Method;Ljava/lang/reflect/Method;)Z 97 1 12 0 -1
ciMethod java/lang/Class$MethodArray removeLessSpecifics ()V 4097 1 6091 0 0
ciMethod java/lang/Class$MethodArray hasMoreSpecificClass (Ljava/lang/reflect/Method;Ljava/lang/reflect/Method;)Z 0 0 1 0 -1
ciMethodData java/lang/reflect/Modifier isStatic (I)Z 2 2105 orig 264 216 160 34 119 0 0 0 0 8 133 12 23 0 0 0 0 88 1 0 0 0 0 0 0 0 0 0 0 0 0 0 0 0 0 0 0 0 0 0 0 0 0 0 0 0 0 0 0 0 0 0 0 0 0 0 0 0 0 0 0 0 0 0 0 0 0 0 0 0 0 0 0 0 0 0 0 0 0 0 0 77 68 79 32 101 120 116 114 97 32 100 97 116 97 32 108 111 99 107 0 0 0 0 0 0 0 0 0 0 0 0 0 0 0 0 0 0 0 0 0 0 0 0 0 0 0 0 0 0 0 0 0 0 0 0 0 0 0 0 0 0 0 0 0 0 0 0 0 0 0 0 0 0 0 0 0 0 0 0 0 0 0 0 0 0 0 0 0 0 0 0 0 0 0 0 0 0 0 0 0 0 0 0 0 0 0 0 0 0 0 0 0 0 0 0 0 0 0 0 0 0 0 0 0 0 0 0 0 0 0 0 0 0 0 0 0 9 1 0 0 129 57 0 0 1 0 0 0 0 0 0 0 0 0 0 0 2 0 0 0 0 0 6 0 2 0 0 0 56 0 0 0 255 255 255 255 7 0 4 0 0 0 0 0 data 7 0x40007 0x410 0x38 0x320 0x80003 0x320 0x18 oops 0
ciMethodData java/lang/ref/SoftReference get ()Ljava/lang/Object; 2 6923 orig 264 216 160 34 119 0 0 0 0 136 111 254 22 0 0 0 0 112 1 0 0 0 0 0 0 0 0 0 0 0 0 0 0 0 0 0 0 0 0 0 0 0 0 0 0 0 0 0 0 0 0 0 0 0 0 0 0 0 0 0 0 0 0 0 0 0 0 0 0 0 0 0 0 0 0 0 0 0 0 0 0 77 68 79 32 101 120 116 114 97 32 100 97 116 97 32 108 111 99 107 0 0 0 0 0 0 0 0 0 0 0 0 0 0 0 0 0 0 0 0 0 0 0 0 0 0 0 0 0 0 0 0 0 0 0 0 0 0 0 0 0 0 0 0 0 0 0 0 0 0 0 0 0 0 0 0 0 0 0 0 0 0 0 0 0 0 0 0 0 0 0 0 0 0 0 0 0 0 0 0 0 0 0 0 0 0 0 0 0 0 0 0 0 0 0 0 0 0 0 0 0 0 0 0 0 0 0 0 0 0 0 0 0 0 0 0 0 0 1 0 0 89 208 0 0 1 0 0 0 0 0 0 0 0 0 0 0 2 0 0 0 0 0 8 0 2 0 0 0 80 0 0 0 255 255 255 255 2 0 1 0 0 0 0 0 data 10 0x10002 0x1a0b 0x60007 0x0 0x40 0x1a0b 0x110007 0x1a0b 0x20 0x0 oops 0
ciMethodData sun/reflect/ReflectionFactory langReflectAccess ()Lsun/reflect/LangReflectAccess; 2 1701 orig 264 216 160 34 119 0 0 0 0 240 49 8 23 0 0 0 0 112 1 0 0 0 0 0 0 0 0 0 0 0 0 0 0 0 0 0 0 0 0 0 0 0 0 0 0 0 0 0 0 0 0 0 0 0 0 0 0 0 0 0 0 0 0 0 0 0 0 0 0 0 0 0 0 0 0 0 0 0 0 0 0 77 68 79 32 101 120 116 114 97 32 100 97 116 97 32 108 111 99 107 0 0 0 0 0 0 0 0 0 0 0 0 0 0 0 0 0 0 0 0 0 0 0 0 0 0 0 0 0 0 0 0 0 0 0 0 0 0 0 0 0 0 0 0 0 0 0 0 0 0 0 0 0 0 0 0 0 0 0 0 0 0 0 0 0 0 0 0 0 0 0 0 0 0 0 0 0 0 0 0 0 0 0 0 0 0 0 0 0 0 0 0 0 0 0 0 0 0 0 0 0 0 0 0 0 0 0 0 0 0 0 0 0 0 0 0 0 114 1 0 0 153 41 0 0 1 0 0 0 0 0 0 0 0 0 0 0 2 0 0 0 0 0 9 0 2 0 0 0 48 0 0 0 255 255 255 255 7 0 3 0 0 0 0 0 data 6 0x30007 0x533 0x30 0x0 0x70002 0x0 oops 0
ciMethodData java/lang/reflect/AccessibleObject <init> ()V 2 1745 orig 264 216 160 34 119 0 0 0 0 16 137 255 22 0 0 0 0 48 1 0 0 0 0 0 0 0 0 0 0 0 0 0 0 0 0 0 0 0 0 0 0 0 0 0 0 0 0 0 0 0 0 0 0 0 0 0 0 0 0 0 0 0 0 0 0 0 0 0 0 0 0 0 0 0 0 0 0 0 0 0 0 7